<component name="libraryTable">
  <library name="junit-4.12">
    <CLASSES>
      <root url="jar://$PROJECT_DIR$/../../../jars/junit-4.12.jar!/" />
      <root url="jar://$PROJECT_DIR$/../../../jars/scalatest_2.10-2.1.0.jar!/" />
    </CLASSES>
    <JAVADOC />
    <SOURCES />
  </library>
</component>